{"total": {"lines":{"total":384,"covered":384,"skipped":0,"pct":100},"statements":{"total":384,"covered":384,"skipped":0,"pct":100},"functions":{"total":16,"covered":14,"skipped":0,"pct":87.5},"branches":{"total":29,"covered":29,"skipped":0,"pct":100},"branchesTrue":{"total":0,"covered":0,"skipped":0,"pct":"Unknown"}}
,"/Users/swoon/Downloads/nenrei/src/App.tsx": {"lines":{"total":248,"covered":248,"skipped":0,"pct":100},"functions":{"total":10,"covered":8,"skipped":0,"pct":80},"statements":{"total":248,"covered":248,"skipped":0,"pct":100},"branches":{"total":19,"covered":19,"skipped":0,"pct":100}}
,"/Users/swoon/Downloads/nenrei/src/QR.tsx": {"lines":{"total":25,"covered":25,"skipped":0,"pct":100},"functions":{"total":2,"covered":2,"skipped":0,"pct":100},"statements":{"total":25,"covered":25,"skipped":0,"pct":100},"branches":{"total":3,"covered":3,"skipped":0,"pct":100}}
,"/Users/swoon/Downloads/nenrei/src/SideBar.tsx": {"lines":{"total":75,"covered":75,"skipped":0,"pct":100},"functions":{"total":2,"covered":2,"skipped":0,"pct":100},"statements":{"total":75,"covered":75,"skipped":0,"pct":100},"branches":{"total":5,"covered":5,"skipped":0,"pct":100}}
,"/Users/swoon/Downloads/nenrei/src/TitleBar.tsx": {"lines":{"total":35,"covered":35,"skipped":0,"pct":100},"functions":{"total":2,"covered":2,"skipped":0,"pct":100},"statements":{"total":35,"covered":35,"skipped":0,"pct":100},"branches":{"total":2,"covered":2,"skipped":0,"pct":100}}
,"/Users/swoon/Downloads/nenrei/src/vitest.setup.ts": {"lines":{"total":1,"covered":1,"skipped":0,"pct":100},"functions":{"total":0,"covered":0,"skipped":0,"pct":100},"statements":{"total":1,"covered":1,"skipped":0,"pct":100},"branches":{"total":0,"covered":0,"skipped":0,"pct":100}}
}
