{"total": {"lines":{"total":400,"covered":400,"skipped":0,"pct":100},"statements":{"total":400,"covered":400,"skipped":0,"pct":100},"functions":{"total":17,"covered":15,"skipped":0,"pct":88.23},"branches":{"total":30,"covered":30,"skipped":0,"pct":100},"branchesTrue":{"total":0,"covered":0,"skipped":0,"pct":"Unknown"}}
,"/Users/swoon/Downloads/nenrei/src/App.tsx": {"lines":{"total":248,"covered":248,"skipped":0,"pct":100},"functions":{"total":10,"covered":8,"skipped":0,"pct":80},"statements":{"total":248,"covered":248,"skipped":0,"pct":100},"branches":{"total":19,"covered":19,"skipped":0,"pct":100}}
,"/Users/swoon/Downloads/nenrei/src/QR.tsx": {"lines":{"total":25,"covered":25,"skipped":0,"pct":100},"functions":{"total":2,"covered":2,"skipped":0,"pct":100},"statements":{"total":25,"covered":25,"skipped":0,"pct":100},"branches":{"total":3,"covered":3,"skipped":0,"pct":100}}
,"/Users/swoon/Downloads/nenrei/src/SideBar.tsx": {"lines":{"total":90,"covered":90,"skipped":0,"pct":100},"functions":{"total":3,"covered":3,"skipped":0,"pct":100},"statements":{"total":90,"covered":90,"skipped":0,"pct":100},"branches":{"total":6,"covered":6,"skipped":0,"pct":100}}
,"/Users/swoon/Downloads/nenrei/src/TitleBar.tsx": {"lines":{"total":36,"covered":36,"skipped":0,"pct":100},"functions":{"total":2,"covered":2,"skipped":0,"pct":100},"statements":{"total":36,"covered":36,"skipped":0,"pct":100},"branches":{"total":2,"covered":2,"skipped":0,"pct":100}}
,"/Users/swoon/Downloads/nenrei/src/vitest.setup.ts": {"lines":{"total":1,"covered":1,"skipped":0,"pct":100},"functions":{"total":0,"covered":0,"skipped":0,"pct":100},"statements":{"total":1,"covered":1,"skipped":0,"pct":100},"branches":{"total":0,"covered":0,"skipped":0,"pct":100}}
}
